Checking whether the ASM compiler is GNU using "--version" did not match "(GNU assembler)|(GCC)|(Free Software Foundation)":
Microsoft (R) C/C++ wersja kompilatora optymalizującego 19.29.30140 dla x64
Copyright (C) Microsoft Corporation. Wszystkie prawa zastrzeżone.

cl : Wiersz polecenia warning D9002 : ignorowanie nieznanej opcji "--version"
cl : Wiersz polecenia error D8003 : brakująca nazwa pliku źródłowego
Checking whether the ASM compiler is Clang using "--version" did not match "(clang version)":
Microsoft (R) C/C++ wersja kompilatora optymalizującego 19.29.30140 dla x64
Copyright (C) Microsoft Corporation. Wszystkie prawa zastrzeżone.

cl : Wiersz polecenia warning D9002 : ignorowanie nieznanej opcji "--version"
cl : Wiersz polecenia error D8003 : brakująca nazwa pliku źródłowego
Checking whether the ASM compiler is AppleClang using "--version" did not match "(Apple LLVM version)":
Microsoft (R) C/C++ wersja kompilatora optymalizującego 19.29.30140 dla x64
Copyright (C) Microsoft Corporation. Wszystkie prawa zastrzeżone.

cl : Wiersz polecenia warning D9002 : ignorowanie nieznanej opcji "--version"
cl : Wiersz polecenia error D8003 : brakująca nazwa pliku źródłowego
Checking whether the ASM compiler is ARMClang using "--version" did not match "armclang":
Microsoft (R) C/C++ wersja kompilatora optymalizującego 19.29.30140 dla x64
Copyright (C) Microsoft Corporation. Wszystkie prawa zastrzeżone.

cl : Wiersz polecenia warning D9002 : ignorowanie nieznanej opcji "--version"
cl : Wiersz polecenia error D8003 : brakująca nazwa pliku źródłowego
Checking whether the ASM compiler is HP using "-V" did not match "HP C":
Microsoft (R) C/C++ wersja kompilatora optymalizującego 19.29.30140 dla x64
Copyright (C) Microsoft Corporation. Wszystkie prawa zastrzeżone.

cl : Wiersz polecenia error D8004 : "/V" wymaga argumentu
Checking whether the ASM compiler is Intel using "--version" did not match "(ICC)":
Microsoft (R) C/C++ wersja kompilatora optymalizującego 19.29.30140 dla x64
Copyright (C) Microsoft Corporation. Wszystkie prawa zastrzeżone.

cl : Wiersz polecenia warning D9002 : ignorowanie nieznanej opcji "--version"
cl : Wiersz polecenia error D8003 : brakująca nazwa pliku źródłowego
Checking whether the ASM compiler is IntelLLVM using "--version" did not match "(Intel[^
]+oneAPI)":
Microsoft (R) C/C++ wersja kompilatora optymalizującego 19.29.30140 dla x64
Copyright (C) Microsoft Corporation. Wszystkie prawa zastrzeżone.

cl : Wiersz polecenia warning D9002 : ignorowanie nieznanej opcji "--version"
cl : Wiersz polecenia error D8003 : brakująca nazwa pliku źródłowego
Checking whether the ASM compiler is SunPro using "-V" did not match "Sun C":
Microsoft (R) C/C++ wersja kompilatora optymalizującego 19.29.30140 dla x64
Copyright (C) Microsoft Corporation. Wszystkie prawa zastrzeżone.

cl : Wiersz polecenia error D8004 : "/V" wymaga argumentu
Checking whether the ASM compiler is XL using "-qversion" did not match "XL C":
Microsoft (R) C/C++ wersja kompilatora optymalizującego 19.29.30140 dla x64
Copyright (C) Microsoft Corporation. Wszystkie prawa zastrzeżone.

cl : Wiersz polecenia warning D9002 : ignorowanie nieznanej opcji "-qversion"
cl : Wiersz polecenia error D8003 : brakująca nazwa pliku źródłowego
